<?xml version="1.0" encoding="UTF-8"?>
<testng-results skipped="0" failed="0" ignored="0" total="5" passed="5">
  <reporter-output>
  </reporter-output>
  <suite name="Test Suite" duration-ms="58915" started-at="2020-06-04T05:52:32Z" finished-at="2020-06-04T05:53:31Z">
    <groups>
      <group name="schedule_tests">
        <method signature="SchedulesTests.fromPortCountryTest()[pri:2, instance:demo.tests.SchedulesTests@7c29daf3]" name="fromPortCountryTest" class="demo.tests.SchedulesTests"/>
        <method signature="SchedulesTests.fromPortNameTest()[pri:1, instance:demo.tests.SchedulesTests@7c29daf3]" name="fromPortNameTest" class="demo.tests.SchedulesTests"/>
        <method signature="SchedulesTests.shareSchedulesTest()[pri:5, instance:demo.tests.SchedulesTests@7c29daf3]" name="shareSchedulesTest" class="demo.tests.SchedulesTests"/>
        <method signature="SchedulesTests.toPortCountryTest()[pri:4, instance:demo.tests.SchedulesTests@7c29daf3]" name="toPortCountryTest" class="demo.tests.SchedulesTests"/>
        <method signature="SchedulesTests.toPortNameTest()[pri:3, instance:demo.tests.SchedulesTests@7c29daf3]" name="toPortNameTest" class="demo.tests.SchedulesTests"/>
      </group> <!-- schedule_tests -->
    </groups>
    <test name="Tests" duration-ms="58915" started-at="2020-06-04T05:52:32Z" finished-at="2020-06-04T05:53:31Z">
      <class name="demo.utils.DriverFactory">
        <test-method status="PASS" signature="init(java.lang.String, java.lang.String, java.lang.String, java.lang.String)[pri:0, instance:demo.utils.DriverFactory@4bbfb90a]" name="init" is-config="true" duration-ms="32497" started-at="2020-06-04T05:52:32Z" finished-at="2020-06-04T05:53:05Z">
          <params>
            <param index="0">
              <value>
                <![CDATA[7.0]]>
              </value>
            </param>
            <param index="1">
              <value>
                <![CDATA[SM-N9208]]>
              </value>
            </param>
            <param index="2">
              <value>
                <![CDATA[com.maersk.trackandtrace.maerskline]]>
              </value>
            </param>
            <param index="3">
              <value>
                <![CDATA[com.maersk.trackandtrace.ui.main.splash.SplashActivity]]>
              </value>
            </param>
          </params>
          <reporter-output>
          </reporter-output>
        </test-method> <!-- init -->
        <test-method status="PASS" signature="tearDown()[pri:0, instance:demo.utils.DriverFactory@4bbfb90a]" name="tearDown" is-config="true" duration-ms="3122" started-at="2020-06-04T05:53:28Z" finished-at="2020-06-04T05:53:31Z">
          <reporter-output>
          </reporter-output>
        </test-method> <!-- tearDown -->
      </class> <!-- demo.utils.DriverFactory -->
      <class name="demo.tests.SchedulesTests">
        <test-method status="PASS" signature="init()[pri:0, instance:demo.tests.SchedulesTests@7c29daf3]" name="init" is-config="true" duration-ms="153" started-at="2020-06-04T05:53:05Z" finished-at="2020-06-04T05:53:05Z">
          <reporter-output>
          </reporter-output>
        </test-method> <!-- init -->
        <test-method status="PASS" signature="fromPortNameTest()[pri:1, instance:demo.tests.SchedulesTests@7c29daf3]" name="fromPortNameTest" duration-ms="13446" started-at="2020-06-04T05:53:05Z" finished-at="2020-06-04T05:53:18Z">
          <reporter-output>
          </reporter-output>
        </test-method> <!-- fromPortNameTest -->
        <test-method status="PASS" signature="fromPortCountryTest()[pri:2, instance:demo.tests.SchedulesTests@7c29daf3]" name="fromPortCountryTest" duration-ms="267" started-at="2020-06-04T05:53:18Z" finished-at="2020-06-04T05:53:19Z">
          <reporter-output>
          </reporter-output>
        </test-method> <!-- fromPortCountryTest -->
        <test-method status="PASS" signature="toPortNameTest()[pri:3, instance:demo.tests.SchedulesTests@7c29daf3]" name="toPortNameTest" duration-ms="261" started-at="2020-06-04T05:53:19Z" finished-at="2020-06-04T05:53:19Z">
          <reporter-output>
          </reporter-output>
        </test-method> <!-- toPortNameTest -->
        <test-method status="PASS" signature="toPortCountryTest()[pri:4, instance:demo.tests.SchedulesTests@7c29daf3]" name="toPortCountryTest" duration-ms="258" started-at="2020-06-04T05:53:19Z" finished-at="2020-06-04T05:53:19Z">
          <reporter-output>
          </reporter-output>
        </test-method> <!-- toPortCountryTest -->
        <test-method status="PASS" signature="shareSchedulesTest()[pri:5, instance:demo.tests.SchedulesTests@7c29daf3]" name="shareSchedulesTest" duration-ms="8861" started-at="2020-06-04T05:53:19Z" finished-at="2020-06-04T05:53:28Z">
          <reporter-output>
          </reporter-output>
        </test-method> <!-- shareSchedulesTest -->
      </class> <!-- demo.tests.SchedulesTests -->
    </test> <!-- Tests -->
  </suite> <!-- Test Suite -->
</testng-results>
