<?xml version="1.0" encoding="UTF-8"?>
<!-- Generated by org.testng.reporters.JUnitXMLReporter -->
<testsuite hostname="rtiwari.local" ignored="0" name="Tests" tests="6" failures="1" timestamp="17 Apr 2020 19:08:29 GMT" time="95.17" errors="0">
  <testcase name="productSearch" time="33.966" classname="demo.tests.Tests"/>
  <testcase name="productAddToCart" time="11.858" classname="demo.tests.Tests"/>
  <testcase name="verifyProductNameInCart" time="0.245" classname="demo.tests.Tests"/>
  <testcase name="verifyProductSizeInCart" time="0.212" classname="demo.tests.Tests"/>
  <testcase name="verifyProductPriceInCart" time="0.221" classname="demo.tests.Tests"/>
  <testcase name="removeProductFromCart" time="11.588" classname="demo.tests.Tests">
    <failure type="java.lang.NullPointerException">
      <![CDATA[java.lang.NullPointerException
at demo.tests.Tests.removeProductFromCart(Tests.java:56)
... Removed 25 stack frames]]>
    </failure>
  </testcase> <!-- removeProductFromCart -->
</testsuite> <!-- Tests -->
